<?xml version="1.0" encoding="UTF-8"?>
<testng-results ignored="0" total="1" passed="1" failed="0" skipped="0">
  <reporter-output>
  </reporter-output>
  <suite started-at="2026-01-24T16:57:24 IST" name="Default suite" finished-at="2026-01-24T16:57:50 IST" duration-ms="26751">
    <groups>
    </groups>
    <test started-at="2026-01-24T16:57:24 IST" name="Default test" finished-at="2026-01-24T16:57:50 IST" duration-ms="26751">
      <class name="org.nnew.Xtent">
        <test-method signature="apple()[pri:0, instance:org.nnew.Xtent@46cdf8bd]" started-at="2026-01-24T16:57:24 IST" name="apple" finished-at="2026-01-24T16:57:50 IST" duration-ms="26706" status="PASS">
          <reporter-output>
          </reporter-output>
        </test-method> <!-- apple -->
      </class> <!-- org.nnew.Xtent -->
    </test> <!-- Default test -->
  </suite> <!-- Default suite -->
</testng-results>
