<?xml version="1.0" encoding="UTF-8"?>
<testng-results ignored="0" total="1" passed="1" failed="0" skipped="0">
  <reporter-output>
  </reporter-output>
  <suite started-at="2026-01-05T12:57:55 IST" name="Default suite" finished-at="2026-01-05T12:58:22 IST" duration-ms="27402">
    <groups>
    </groups>
    <test started-at="2026-01-05T12:57:55 IST" name="Default test" finished-at="2026-01-05T12:58:22 IST" duration-ms="27402">
      <class name="or.Login.AppiumTest">
        <test-method signature="launchApp()[pri:0, instance:or.Login.AppiumTest@b9b00e0]" started-at="2026-01-05T12:57:55 IST" name="launchApp" finished-at="2026-01-05T12:58:22 IST" duration-ms="27332" status="PASS">
          <reporter-output>
          </reporter-output>
        </test-method> <!-- launchApp -->
      </class> <!-- or.Login.AppiumTest -->
    </test> <!-- Default test -->
  </suite> <!-- Default suite -->
</testng-results>
